int->(-1, -1)
identifier->(9, 0)
,->(-1, -1)
identifier->(10, 0)
,->(-1, -1)
identifier->(11, 0)
,->(-1, -1)
identifier->(2, 0)
,->(-1, -1)
identifier->(0, 0)

->(-1, -1)
identifier->(9, 0)
=->(-1, -1)
constant->(2, 1)

->(-1, -1)
identifier->(10, 0)
=->(-1, -1)
constant->(0, 1)

->(-1, -1)
identifier->(11, 0)
=->(-1, -1)
constant->(3, 0)

->(-1, -1)
if->(-1, -1)
identifier->(9, 0)
>->(-1, -1)
identifier->(10, 0)
:->(-1, -1)

->(-1, -1)
\tab->(-1, -1)
identifier->(2, 0)
=->(-1, -1)
identifier->(9, 0)

->(-1, -1)
\tab->(-1, -1)
identifier->(0, 0)
=->(-1, -1)
identifier->(10, 0)

->(-1, -1)
else->(-1, -1)

->(-1, -1)
\tab->(-1, -1)
identifier->(2, 0)
=->(-1, -1)
identifier->(10, 0)

->(-1, -1)
\tab->(-1, -1)
identifier->(0, 0)
=->(-1, -1)
identifier->(9, 0)

->(-1, -1)
if->(-1, -1)
identifier->(2, 0)
<->(-1, -1)
identifier->(11, 0)
:->(-1, -1)

->(-1, -1)
\tab->(-1, -1)
identifier->(2, 0)
=->(-1, -1)
identifier->(11, 0)

->(-1, -1)
if->(-1, -1)
identifier->(0, 0)
>->(-1, -1)
identifier->(11, 0)
:->(-1, -1)

->(-1, -1)
\tab->(-1, -1)
identifier->(0, 0)
=->(-1, -1)
identifier->(11, 0)

->(-1, -1)
print->(-1, -1)
constant->(18, 0)
,->(-1, -1)
identifier->(2, 0)

->(-1, -1)
print->(-1, -1)
constant->(16, 0)
,->(-1, -1)
identifier->(0, 0)

->(-1, -1)
